0 verbose cli C:\Program Files\nodejs\node.exe C:\Users\HP\AppData\Roaming\npm\node_modules\npm\bin\npm-cli.js
1 info using npm@11.6.3
2 info using node@v24.11.0
3 silly config load:file:C:\Users\HP\AppData\Roaming\npm\node_modules\npm\npmrc
4 silly config load:file:C:\Users\HP\Videos\staff-tracker-main\.npmrc
5 silly config load:file:C:\Users\HP\.npmrc
6 silly config load:file:C:\Users\HP\AppData\Roaming\npm\etc\npmrc
7 verbose title npm set fetch-timeout 600000
8 verbose argv "set" "fetch-timeout" "600000"
9 verbose logfile logs-max:10 dir:C:\Users\HP\Videos\staff-tracker-main\clean\_logs\2025-11-29T22_45_58_110Z-
10 verbose logfile C:\Users\HP\Videos\staff-tracker-main\clean\_logs\2025-11-29T22_45_58_110Z-debug-0.log
11 silly logfile start cleaning logs, removing 1 files
12 info config set "fetch-timeout" "600000"
13 silly logfile done cleaning log files
14 verbose cwd C:\Users\HP\Videos\staff-tracker-main
15 verbose os Windows_NT 10.0.22000
16 verbose node v24.11.0
17 verbose npm  v11.6.3
18 verbose exit 0
19 info ok
